<?xml version="1.0" encoding="UTF-8"?>
<coverage generated="1736433357818" clover="3.2.0">
  <project timestamp="1736433357818" name="All files">
    <metrics statements="1" coveredstatements="0" conditionals="0" coveredconditionals="0" methods="0" coveredmethods="0" elements="1" coveredelements="0" complexity="0" loc="1" ncloc="1" packages="1" files="1" classes="1"/>
    <file name="test-orm.ts" path="C:\Users\danie\Documents\daniel\mesha\nestJsPrototipoCompanias\e2e\test-orm.ts">
      <metrics statements="1" coveredstatements="0" conditionals="0" coveredconditionals="0" methods="0" coveredmethods="0"/>
      <line num="3" count="0" type="stmt"/>
    </file>
  </project>
</coverage>
